TN:
SF:src/modules/appointments/services/CreateAppointmentService.ts
FN:75,__decorate
FN:75,__metadata
FN:75,__param
FN:75,__awaiter
FN:75,adopt
FN:75,fulfilled
FN:75,rejected
FN:75,step
FN:75,__generator
FN:75,sent
FN:75,g.<computed>
FN:75,verb
FN:75,step
FN:75,__importDefault
FN:19,CreateAppointmentService
FN:29,CreateAppointmentService.execute
FNF:16
FNH:14
FNDA:1,__decorate
FNDA:1,__metadata
FNDA:2,__param
FNDA:6,__awaiter
FNDA:3,adopt
FNDA:3,fulfilled
FNDA:0,rejected
FNDA:4,step
FNDA:6,__generator
FNDA:3,sent
FNDA:0,g.<computed>
FNDA:18,verb
FNDA:9,step
FNDA:1,__importDefault
FNDA:5,CreateAppointmentService
FNDA:6,CreateAppointmentService.execute
DA:1,1
DA:2,1
DA:3,1
DA:4,1
DA:5,1
DA:6,1
DA:7,1
DA:8,1
DA:9,1
DA:10,1
DA:11,1
DA:12,1
DA:13,1
DA:14,1
DA:15,1
DA:16,1
DA:17,1
DA:18,1
DA:19,1
DA:20,5
DA:21,5
DA:22,5
DA:23,5
DA:24,5
DA:25,5
DA:26,5
DA:27,5
DA:28,1
DA:29,1
DA:30,6
DA:31,6
DA:32,6
DA:33,6
DA:34,6
DA:35,6
DA:36,6
DA:37,3
DA:38,3
DA:39,3
DA:40,6
DA:41,1
DA:42,1
DA:43,2
DA:44,6
DA:45,1
DA:46,1
DA:47,1
DA:48,1
DA:49,1
DA:50,1
DA:51,1
DA:52,1
DA:53,6
DA:54,6
DA:55,0
DA:56,0
DA:57,6
DA:58,6
DA:59,6
DA:60,6
DA:61,6
DA:62,6
DA:63,6
DA:64,6
DA:65,6
DA:66,6
DA:67,6
DA:68,6
DA:69,6
DA:70,6
DA:71,6
DA:72,6
DA:73,1
DA:74,1
DA:75,1
LF:75
LH:73
BRDA:75,0,0,1
BRDA:75,1,0,1
BRDA:75,2,0,0
BRDA:75,3,0,0
BRDA:75,4,0,0
BRDA:75,5,0,0
BRDA:75,6,0,1
BRDA:75,7,0,2
BRDA:75,8,0,2
BRDA:75,9,0,6
BRDA:75,10,0,3
BRDA:75,11,0,0
BRDA:75,12,0,6
BRDA:75,13,0,3
BRDA:75,14,0,0
BRDA:75,15,0,4
BRDA:75,16,0,1
BRDA:75,17,0,3
BRDA:75,18,0,6
BRDA:75,19,0,3
BRDA:75,20,0,0
BRDA:75,21,0,18
BRDA:75,22,0,9
BRDA:75,23,0,9
BRDA:75,24,0,0
BRDA:75,25,0,18
BRDA:75,26,0,0
BRDA:75,27,0,0
BRDA:75,28,0,0
BRDA:75,29,0,0
BRDA:75,30,0,9
BRDA:75,31,0,9
BRDA:75,32,0,3
BRDA:75,33,0,0
BRDA:75,34,0,0
BRDA:75,35,0,6
BRDA:75,36,0,0
BRDA:75,37,0,1
BRDA:75,38,0,0
BRDA:75,39,0,0
BRDA:75,40,0,0
BRDA:75,41,0,0
BRDA:75,42,0,9
BRDA:75,43,0,5
BRDA:75,44,0,9
BRDA:75,45,0,6
BRDA:75,46,0,5
BRDA:75,47,0,1
BRDA:75,48,0,0
BRDA:75,49,0,1
BRDA:75,50,0,0
BRDA:18,51,0,1
BRDA:19,52,0,5
BRDA:29,53,0,6
BRDA:75,54,0,6
BRDA:75,55,0,9
BRDA:75,56,0,6
BRDA:36,57,0,3
BRDA:40,58,0,1
BRDA:42,59,0,2
BRDA:44,60,0,1
BRDA:44,61,0,1
BRDA:75,62,0,1
BRDA:54,63,0,0
BRDA:75,64,0,1
BRDA:75,65,0,1
BRF:66
BRH:44
end_of_record
TN:
SF:src/modules/appointments/services/ListProviderAppointmentsService.ts
FN:41,__decorate
FN:41,__metadata
FN:41,__param
FN:41,__awaiter
FN:41,adopt
FN:41,fulfilled
FN:41,rejected
FN:41,step
FN:41,__generator
FN:41,sent
FN:41,g.<computed>
FN:41,verb
FN:41,step
FN:15,ListProviderAppointmentsService
FN:22,ListProviderAppointmentsService.execute
FNF:15
FNH:13
FNDA:1,__decorate
FNDA:1,__metadata
FNDA:1,__param
FNDA:1,__awaiter
FNDA:1,adopt
FNDA:1,fulfilled
FNDA:0,rejected
FNDA:2,step
FNDA:1,__generator
FNDA:1,sent
FNDA:0,g.<computed>
FNDA:3,verb
FNDA:2,step
FNDA:1,ListProviderAppointmentsService
FNDA:1,ListProviderAppointmentsService.execute
DA:1,1
DA:2,1
DA:3,1
DA:4,1
DA:5,1
DA:6,1
DA:7,1
DA:8,1
DA:9,1
DA:10,1
DA:11,1
DA:12,1
DA:13,1
DA:14,1
DA:15,1
DA:16,1
DA:17,1
DA:18,1
DA:19,1
DA:20,1
DA:21,1
DA:22,1
DA:23,1
DA:24,1
DA:25,1
DA:26,1
DA:27,1
DA:28,1
DA:29,1
DA:30,1
DA:31,1
DA:32,1
DA:33,1
DA:34,1
DA:35,1
DA:36,1
DA:37,1
DA:38,1
DA:39,1
DA:40,1
DA:41,1
LF:41
LH:41
BRDA:41,0,0,1
BRDA:41,1,0,1
BRDA:41,2,0,0
BRDA:41,3,0,0
BRDA:41,4,0,0
BRDA:41,5,0,0
BRDA:41,6,0,1
BRDA:41,7,0,1
BRDA:41,8,0,1
BRDA:41,9,0,1
BRDA:41,10,0,1
BRDA:41,11,0,0
BRDA:41,12,0,1
BRDA:41,13,0,1
BRDA:41,14,0,0
BRDA:41,15,0,2
BRDA:41,16,0,1
BRDA:41,17,0,1
BRDA:41,18,0,1
BRDA:41,19,0,1
BRDA:41,20,0,0
BRDA:41,21,0,3
BRDA:41,22,0,2
BRDA:41,23,0,2
BRDA:41,24,0,0
BRDA:41,25,0,4
BRDA:41,26,0,0
BRDA:41,27,0,0
BRDA:41,28,0,0
BRDA:41,29,0,0
BRDA:41,30,0,2
BRDA:41,31,0,2
BRDA:41,32,0,1
BRDA:41,33,0,0
BRDA:41,34,0,0
BRDA:41,35,0,1
BRDA:41,36,0,0
BRDA:41,37,0,0
BRDA:41,38,0,0
BRDA:41,39,0,0
BRDA:41,40,0,0
BRDA:41,41,0,2
BRDA:41,42,0,0
BRDA:41,43,0,2
BRDA:41,44,0,1
BRDA:41,45,0,0
BRDA:41,46,0,1
BRDA:41,47,0,0
BRDA:14,48,0,1
BRDA:15,49,0,1
BRDA:22,50,0,1
BRDA:41,51,0,1
BRDA:41,52,0,2
BRDA:28,53,0,1
BRDA:41,54,0,1
BRF:55
BRH:33
end_of_record
TN:
SF:src/modules/appointments/services/ListProviderDayAvailabilityService.ts
FN:69,__decorate
FN:69,__metadata
FN:69,__param
FN:69,__awaiter
FN:69,adopt
FN:69,fulfilled
FN:69,rejected
FN:69,step
FN:69,__generator
FN:69,sent
FN:69,g.<computed>
FN:69,verb
FN:69,step
FN:22,ListProviderDayAvailabilityService
FN:29,ListProviderDayAvailabilityService.execute
FNF:15
FNH:13
FNDA:1,__decorate
FNDA:1,__metadata
FNDA:1,__param
FNDA:1,__awaiter
FNDA:1,adopt
FNDA:1,fulfilled
FNDA:0,rejected
FNDA:2,step
FNDA:1,__generator
FNDA:1,sent
FNDA:0,g.<computed>
FNDA:3,verb
FNDA:2,step
FNDA:1,ListProviderDayAvailabilityService
FNDA:1,ListProviderDayAvailabilityService.execute
DA:1,1
DA:2,1
DA:3,1
DA:4,1
DA:5,1
DA:6,1
DA:7,1
DA:8,1
DA:9,1
DA:10,1
DA:11,1
DA:12,1
DA:13,1
DA:14,1
DA:15,1
DA:16,1
DA:17,1
DA:18,1
DA:19,1
DA:20,1
DA:21,1
DA:22,1
DA:23,1
DA:24,1
DA:25,1
DA:26,1
DA:27,1
DA:28,1
DA:29,1
DA:30,1
DA:31,1
DA:32,1
DA:33,1
DA:34,1
DA:35,1
DA:36,1
DA:37,1
DA:38,1
DA:39,1
DA:40,1
DA:41,1
DA:42,1
DA:43,1
DA:44,1
DA:45,1
DA:46,1
DA:47,1
DA:48,1
DA:49,1
DA:50,1
DA:51,1
DA:52,1
DA:53,10
DA:54,10
DA:55,10
DA:56,10
DA:57,10
DA:58,10
DA:59,10
DA:60,10
DA:61,10
DA:62,10
DA:63,1
DA:64,1
DA:65,1
DA:66,1
DA:67,1
DA:68,1
DA:69,1
LF:69
LH:69
BRDA:69,0,0,1
BRDA:69,1,0,1
BRDA:69,2,0,0
BRDA:69,3,0,0
BRDA:69,4,0,0
BRDA:69,5,0,0
BRDA:69,6,0,1
BRDA:69,7,0,1
BRDA:69,8,0,1
BRDA:69,9,0,1
BRDA:69,10,0,1
BRDA:69,11,0,0
BRDA:69,12,0,1
BRDA:69,13,0,1
BRDA:69,14,0,0
BRDA:69,15,0,2
BRDA:69,16,0,1
BRDA:69,17,0,1
BRDA:69,18,0,1
BRDA:69,19,0,1
BRDA:69,20,0,0
BRDA:69,21,0,3
BRDA:69,22,0,2
BRDA:69,23,0,2
BRDA:69,24,0,0
BRDA:69,25,0,4
BRDA:69,26,0,0
BRDA:69,27,0,0
BRDA:69,28,0,0
BRDA:69,29,0,0
BRDA:69,30,0,2
BRDA:69,31,0,2
BRDA:69,32,0,1
BRDA:69,33,0,0
BRDA:69,34,0,0
BRDA:69,35,0,1
BRDA:69,36,0,0
BRDA:69,37,0,0
BRDA:69,38,0,0
BRDA:69,39,0,0
BRDA:69,40,0,0
BRDA:69,41,0,2
BRDA:69,42,0,0
BRDA:69,43,0,2
BRDA:69,44,0,1
BRDA:69,45,0,0
BRDA:69,46,0,1
BRDA:69,47,0,0
BRDA:21,48,0,1
BRDA:22,49,0,1
BRDA:29,50,0,1
BRDA:69,51,0,1
BRDA:69,52,0,2
BRDA:35,53,0,1
BRDA:69,54,0,1
BRDA:47,55,0,10
BRDA:52,56,0,10
BRDA:61,57,0,8
BRDA:54,58,0,19
BRF:59
BRH:37
end_of_record
TN:
SF:src/modules/appointments/services/ListProviderMonthAvailabilityService.ts
FN:56,__decorate
FN:56,__metadata
FN:56,__param
FN:56,__awaiter
FN:56,adopt
FN:56,fulfilled
FN:56,rejected
FN:56,step
FN:56,__generator
FN:56,sent
FN:56,g.<computed>
FN:56,verb
FN:56,step
FN:21,ListProviderMonthAvailabilityService
FN:28,ListProviderMonthAvailabilityService.execute
FNF:15
FNH:13
FNDA:1,__decorate
FNDA:1,__metadata
FNDA:1,__param
FNDA:1,__awaiter
FNDA:1,adopt
FNDA:1,fulfilled
FNDA:0,rejected
FNDA:2,step
FNDA:1,__generator
FNDA:1,sent
FNDA:0,g.<computed>
FNDA:3,verb
FNDA:2,step
FNDA:1,ListProviderMonthAvailabilityService
FNDA:1,ListProviderMonthAvailabilityService.execute
DA:1,1
DA:2,1
DA:3,1
DA:4,1
DA:5,1
DA:6,1
DA:7,1
DA:8,1
DA:9,1
DA:10,1
DA:11,1
DA:12,1
DA:13,1
DA:14,1
DA:15,1
DA:16,1
DA:17,1
DA:18,1
DA:19,1
DA:20,1
DA:21,1
DA:22,1
DA:23,1
DA:24,1
DA:25,1
DA:26,1
DA:27,1
DA:28,1
DA:29,1
DA:30,1
DA:31,1
DA:32,1
DA:33,1
DA:34,1
DA:35,1
DA:36,1
DA:37,1
DA:38,1
DA:39,1
DA:40,1
DA:41,1
DA:42,1
DA:43,1
DA:44,1
DA:45,31
DA:46,341
DA:47,31
DA:48,31
DA:49,31
DA:50,1
DA:51,1
DA:52,1
DA:53,1
DA:54,1
DA:55,1
DA:56,1
LF:56
LH:56
BRDA:56,0,0,1
BRDA:56,1,0,1
BRDA:56,2,0,0
BRDA:56,3,0,0
BRDA:56,4,0,0
BRDA:56,5,0,0
BRDA:56,6,0,1
BRDA:56,7,0,1
BRDA:56,8,0,1
BRDA:56,9,0,1
BRDA:56,10,0,1
BRDA:56,11,0,0
BRDA:56,12,0,1
BRDA:56,13,0,1
BRDA:56,14,0,0
BRDA:56,15,0,2
BRDA:56,16,0,1
BRDA:56,17,0,1
BRDA:56,18,0,1
BRDA:56,19,0,1
BRDA:56,20,0,0
BRDA:56,21,0,3
BRDA:56,22,0,2
BRDA:56,23,0,2
BRDA:56,24,0,0
BRDA:56,25,0,4
BRDA:56,26,0,0
BRDA:56,27,0,0
BRDA:56,28,0,0
BRDA:56,29,0,0
BRDA:56,30,0,2
BRDA:56,31,0,2
BRDA:56,32,0,1
BRDA:56,33,0,0
BRDA:56,34,0,0
BRDA:56,35,0,1
BRDA:56,36,0,0
BRDA:56,37,0,0
BRDA:56,38,0,0
BRDA:56,39,0,0
BRDA:56,40,0,0
BRDA:56,41,0,2
BRDA:56,42,0,0
BRDA:56,43,0,2
BRDA:56,44,0,1
BRDA:56,45,0,0
BRDA:56,46,0,1
BRDA:56,47,0,0
BRDA:20,48,0,1
BRDA:21,49,0,1
BRDA:28,50,0,1
BRDA:56,51,0,1
BRDA:56,52,0,2
BRDA:33,53,0,1
BRDA:56,54,0,1
BRDA:41,55,0,31
BRDA:44,56,0,31
BRDA:45,57,0,341
BRF:58
BRH:36
end_of_record
TN:
SF:src/modules/appointments/services/ListProvidersService.ts
FN:29,__decorate
FN:29,__metadata
FN:29,__param
FN:29,__awaiter
FN:29,adopt
FN:29,fulfilled
FN:29,rejected
FN:29,step
FN:29,__generator
FN:29,sent
FN:29,g.<computed>
FN:29,verb
FN:29,step
FN:13,ListProvidersService
FN:20,ListProvidersService.execute
FNF:15
FNH:13
FNDA:1,__decorate
FNDA:1,__metadata
FNDA:1,__param
FNDA:1,__awaiter
FNDA:1,adopt
FNDA:1,fulfilled
FNDA:0,rejected
FNDA:2,step
FNDA:1,__generator
FNDA:1,sent
FNDA:0,g.<computed>
FNDA:3,verb
FNDA:2,step
FNDA:1,ListProvidersService
FNDA:1,ListProvidersService.execute
DA:1,1
DA:2,1
DA:3,1
DA:4,1
DA:5,1
DA:6,1
DA:7,1
DA:8,1
DA:9,1
DA:10,1
DA:11,1
DA:12,1
DA:13,1
DA:14,1
DA:15,1
DA:16,1
DA:17,1
DA:18,1
DA:19,1
DA:20,1
DA:21,1
DA:22,1
DA:23,1
DA:24,1
DA:25,1
DA:26,1
DA:27,1
DA:28,1
DA:29,1
LF:29
LH:29
BRDA:29,0,0,1
BRDA:29,1,0,1
BRDA:29,2,0,0
BRDA:29,3,0,0
BRDA:29,4,0,0
BRDA:29,5,0,0
BRDA:29,6,0,1
BRDA:29,7,0,1
BRDA:29,8,0,1
BRDA:29,9,0,1
BRDA:29,10,0,1
BRDA:29,11,0,0
BRDA:29,12,0,1
BRDA:29,13,0,1
BRDA:29,14,0,0
BRDA:29,15,0,2
BRDA:29,16,0,1
BRDA:29,17,0,1
BRDA:29,18,0,1
BRDA:29,19,0,1
BRDA:29,20,0,0
BRDA:29,21,0,3
BRDA:29,22,0,2
BRDA:29,23,0,2
BRDA:29,24,0,0
BRDA:29,25,0,4
BRDA:29,26,0,0
BRDA:29,27,0,0
BRDA:29,28,0,0
BRDA:29,29,0,0
BRDA:29,30,0,2
BRDA:29,31,0,2
BRDA:29,32,0,1
BRDA:29,33,0,0
BRDA:29,34,0,0
BRDA:29,35,0,1
BRDA:29,36,0,0
BRDA:29,37,0,0
BRDA:29,38,0,0
BRDA:29,39,0,0
BRDA:29,40,0,0
BRDA:29,41,0,2
BRDA:29,42,0,0
BRDA:29,43,0,2
BRDA:29,44,0,1
BRDA:29,45,0,0
BRDA:29,46,0,1
BRDA:29,47,0,0
BRDA:12,48,0,1
BRDA:13,49,0,1
BRDA:20,50,0,1
BRDA:29,51,0,1
BRDA:29,52,0,2
BRDA:21,53,0,1
BRDA:29,54,0,1
BRF:55
BRH:33
end_of_record
TN:
SF:src/modules/users/services/AuthenticateUserService.ts
FN:59,__decorate
FN:59,__metadata
FN:59,__param
FN:59,__awaiter
FN:59,adopt
FN:59,fulfilled
FN:59,rejected
FN:59,step
FN:59,__generator
FN:59,sent
FN:59,g.<computed>
FN:59,verb
FN:59,step
FN:59,__importDefault
FN:23,AuthenticateUserService
FN:32,AuthenticateUserService.execute
FNF:16
FNH:14
FNDA:1,__decorate
FNDA:1,__metadata
FNDA:2,__param
FNDA:3,__awaiter
FNDA:5,adopt
FNDA:5,fulfilled
FNDA:0,rejected
FNDA:6,step
FNDA:3,__generator
FNDA:5,sent
FNDA:0,g.<computed>
FNDA:9,verb
FNDA:8,step
FNDA:2,__importDefault
FNDA:3,AuthenticateUserService
FNDA:3,AuthenticateUserService.execute
DA:1,1
DA:2,1
DA:3,1
DA:4,1
DA:5,1
DA:6,1
DA:7,1
DA:8,1
DA:9,1
DA:10,1
DA:11,1
DA:12,1
DA:13,1
DA:14,1
DA:15,1
DA:16,1
DA:17,1
DA:18,1
DA:19,1
DA:20,1
DA:21,1
DA:22,1
DA:23,1
DA:24,3
DA:25,3
DA:26,3
DA:27,3
DA:28,3
DA:29,3
DA:30,3
DA:31,1
DA:32,1
DA:33,3
DA:34,3
DA:35,3
DA:36,1
DA:37,1
DA:38,2
DA:39,2
DA:40,2
DA:41,2
DA:42,2
DA:43,3
DA:44,3
DA:45,1
DA:46,1
DA:47,1
DA:48,1
DA:49,1
DA:50,1
DA:51,1
DA:52,1
DA:53,1
DA:54,1
DA:55,1
DA:56,3
DA:57,1
DA:58,1
DA:59,1
LF:59
LH:59
BRDA:59,0,0,1
BRDA:59,1,0,1
BRDA:59,2,0,0
BRDA:59,3,0,0
BRDA:59,4,0,0
BRDA:59,5,0,0
BRDA:59,6,0,1
BRDA:59,7,0,2
BRDA:59,8,0,2
BRDA:59,9,0,3
BRDA:59,10,0,5
BRDA:59,11,0,0
BRDA:59,12,0,3
BRDA:59,13,0,5
BRDA:59,14,0,2
BRDA:59,15,0,6
BRDA:59,16,0,1
BRDA:59,17,0,5
BRDA:59,18,0,3
BRDA:59,19,0,5
BRDA:59,20,0,0
BRDA:59,21,0,9
BRDA:59,22,0,8
BRDA:59,23,0,8
BRDA:59,24,0,0
BRDA:59,25,0,16
BRDA:59,26,0,0
BRDA:59,27,0,0
BRDA:59,28,0,0
BRDA:59,29,0,0
BRDA:59,30,0,8
BRDA:59,31,0,8
BRDA:59,32,0,5
BRDA:59,33,0,0
BRDA:59,34,0,0
BRDA:59,35,0,3
BRDA:59,36,0,0
BRDA:59,37,0,1
BRDA:59,38,0,0
BRDA:59,39,0,0
BRDA:59,40,0,0
BRDA:59,41,0,0
BRDA:59,42,0,8
BRDA:59,43,0,2
BRDA:59,44,0,8
BRDA:59,45,0,3
BRDA:59,46,0,2
BRDA:59,47,0,1
BRDA:59,48,0,0
BRDA:59,49,0,2
BRDA:59,50,0,0
BRDA:22,51,0,1
BRDA:23,52,0,3
BRDA:32,53,0,3
BRDA:59,54,0,3
BRDA:59,55,0,8
BRDA:33,56,0,3
BRDA:59,57,0,3
BRDA:35,58,0,1
BRDA:37,59,0,2
BRDA:59,60,0,2
BRDA:44,61,0,1
BRF:62
BRH:42
end_of_record
TN:
SF:src/modules/users/services/CreateUserService.ts
FN:45,__decorate
FN:45,__metadata
FN:45,__param
FN:45,__awaiter
FN:45,adopt
FN:45,fulfilled
FN:45,rejected
FN:45,step
FN:45,__generator
FN:45,sent
FN:45,g.<computed>
FN:45,verb
FN:45,step
FN:45,__importDefault
FN:16,CreateUserService
FN:26,CreateUserService.execute
FNF:16
FNH:14
FNDA:2,__decorate
FNDA:2,__metadata
FNDA:4,__param
FNDA:5,__awaiter
FNDA:13,adopt
FNDA:13,fulfilled
FNDA:0,rejected
FNDA:17,step
FNDA:5,__generator
FNDA:13,sent
FNDA:0,g.<computed>
FNDA:15,verb
FNDA:18,step
FNDA:2,__importDefault
FNDA:5,CreateUserService
FNDA:5,CreateUserService.execute
DA:1,1
DA:2,1
DA:3,1
DA:4,1
DA:5,1
DA:6,1
DA:7,1
DA:8,1
DA:9,1
DA:10,1
DA:11,1
DA:12,1
DA:13,1
DA:14,1
DA:15,2
DA:16,2
DA:17,5
DA:18,5
DA:19,5
DA:20,5
DA:21,5
DA:22,5
DA:23,5
DA:24,5
DA:25,2
DA:26,2
DA:27,5
DA:28,5
DA:29,5
DA:30,1
DA:31,1
DA:32,4
DA:33,4
DA:34,5
DA:35,5
DA:36,5
DA:37,5
DA:38,5
DA:39,5
DA:40,5
DA:41,5
DA:42,5
DA:43,2
DA:44,1
DA:45,1
LF:45
LH:45
BRDA:45,0,0,2
BRDA:45,1,0,2
BRDA:45,2,0,0
BRDA:45,3,0,0
BRDA:45,4,0,0
BRDA:45,5,0,0
BRDA:45,6,0,2
BRDA:45,7,0,4
BRDA:45,8,0,4
BRDA:45,9,0,5
BRDA:45,10,0,13
BRDA:45,11,0,0
BRDA:45,12,0,5
BRDA:45,13,0,13
BRDA:45,14,0,1
BRDA:45,15,0,17
BRDA:45,16,0,4
BRDA:45,17,0,13
BRDA:45,18,0,5
BRDA:45,19,0,13
BRDA:45,20,0,0
BRDA:45,21,0,15
BRDA:45,22,0,18
BRDA:45,23,0,18
BRDA:45,24,0,0
BRDA:45,25,0,36
BRDA:45,26,0,0
BRDA:45,27,0,0
BRDA:45,28,0,0
BRDA:45,29,0,0
BRDA:45,30,0,18
BRDA:45,31,0,18
BRDA:45,32,0,13
BRDA:45,33,0,0
BRDA:45,34,0,0
BRDA:45,35,0,5
BRDA:45,36,0,0
BRDA:45,37,0,4
BRDA:45,38,0,0
BRDA:45,39,0,0
BRDA:45,40,0,0
BRDA:45,41,0,0
BRDA:45,42,0,18
BRDA:45,43,0,1
BRDA:45,44,0,18
BRDA:45,45,0,5
BRDA:45,46,0,1
BRDA:45,47,0,4
BRDA:45,48,0,0
BRDA:45,49,0,2
BRDA:45,50,0,0
BRDA:15,51,0,2
BRDA:16,52,0,5
BRDA:26,53,0,5
BRDA:45,54,0,5
BRDA:45,55,0,18
BRDA:27,56,0,5
BRDA:45,57,0,5
BRDA:29,58,0,1
BRDA:31,59,0,4
BRDA:45,60,0,4
BRDA:45,61,0,4
BRF:62
BRH:42
end_of_record
TN:
SF:src/modules/users/services/ResetPasswordService.ts
FN:52,__decorate
FN:52,__metadata
FN:52,__param
FN:52,__awaiter
FN:52,adopt
FN:52,fulfilled
FN:52,rejected
FN:52,step
FN:52,__generator
FN:52,sent
FN:52,g.<computed>
FN:52,verb
FN:52,step
FN:52,__importDefault
FN:17,ResetPasswordService
FN:28,ResetPasswordService.execute
FNF:16
FNH:14
FNDA:1,__decorate
FNDA:1,__metadata
FNDA:3,__param
FNDA:4,__awaiter
FNDA:9,adopt
FNDA:9,fulfilled
FNDA:0,rejected
FNDA:10,step
FNDA:4,__generator
FNDA:9,sent
FNDA:0,g.<computed>
FNDA:12,verb
FNDA:13,step
FNDA:1,__importDefault
FNDA:4,ResetPasswordService
FNDA:4,ResetPasswordService.execute
DA:1,1
DA:2,1
DA:3,1
DA:4,1
DA:5,1
DA:6,1
DA:7,1
DA:8,1
DA:9,1
DA:10,1
DA:11,1
DA:12,1
DA:13,1
DA:14,1
DA:15,1
DA:16,1
DA:17,1
DA:18,4
DA:19,4
DA:20,4
DA:21,4
DA:22,4
DA:23,4
DA:24,4
DA:25,4
DA:26,4
DA:27,1
DA:28,1
DA:29,4
DA:30,4
DA:31,4
DA:32,1
DA:33,1
DA:34,3
DA:35,3
DA:36,4
DA:37,4
DA:38,1
DA:39,1
DA:40,2
DA:41,2
DA:42,2
DA:43,4
DA:44,1
DA:45,1
DA:46,1
DA:47,1
DA:48,4
DA:49,4
DA:50,1
DA:51,1
DA:52,1
LF:52
LH:52
BRDA:52,0,0,1
BRDA:52,1,0,1
BRDA:52,2,0,0
BRDA:52,3,0,0
BRDA:52,4,0,0
BRDA:52,5,0,0
BRDA:52,6,0,1
BRDA:52,7,0,3
BRDA:52,8,0,3
BRDA:52,9,0,4
BRDA:52,10,0,9
BRDA:52,11,0,0
BRDA:52,12,0,4
BRDA:52,13,0,9
BRDA:52,14,0,3
BRDA:52,15,0,10
BRDA:52,16,0,1
BRDA:52,17,0,9
BRDA:52,18,0,4
BRDA:52,19,0,9
BRDA:52,20,0,0
BRDA:52,21,0,12
BRDA:52,22,0,13
BRDA:52,23,0,13
BRDA:52,24,0,0
BRDA:52,25,0,26
BRDA:52,26,0,0
BRDA:52,27,0,0
BRDA:52,28,0,0
BRDA:52,29,0,0
BRDA:52,30,0,13
BRDA:52,31,0,13
BRDA:52,32,0,9
BRDA:52,33,0,0
BRDA:52,34,0,0
BRDA:52,35,0,4
BRDA:52,36,0,0
BRDA:52,37,0,1
BRDA:52,38,0,0
BRDA:52,39,0,0
BRDA:52,40,0,0
BRDA:52,41,0,0
BRDA:52,42,0,13
BRDA:52,43,0,3
BRDA:52,44,0,13
BRDA:52,45,0,4
BRDA:52,46,0,3
BRDA:52,47,0,1
BRDA:52,48,0,0
BRDA:52,49,0,1
BRDA:52,50,0,0
BRDA:16,51,0,1
BRDA:17,52,0,4
BRDA:28,53,0,4
BRDA:52,54,0,4
BRDA:52,55,0,13
BRDA:29,56,0,4
BRDA:52,57,0,4
BRDA:31,58,0,1
BRDA:33,59,0,3
BRDA:52,60,0,3
BRDA:37,61,0,1
BRDA:39,62,0,2
BRDA:43,63,0,1
BRDA:52,64,0,1
BRDA:52,65,0,1
BRF:66
BRH:46
end_of_record
TN:
SF:src/modules/users/services/SendForgotPasswordEmailService.ts
FN:57,__decorate
FN:57,__metadata
FN:57,__param
FN:57,__awaiter
FN:57,adopt
FN:57,fulfilled
FN:57,rejected
FN:57,step
FN:57,__generator
FN:57,sent
FN:57,g.<computed>
FN:57,verb
FN:57,step
FN:57,__importDefault
FN:15,SendForgotPasswordEmailService
FN:26,SendForgotPasswordEmailService.execute
FNF:16
FNH:14
FNDA:1,__decorate
FNDA:1,__metadata
FNDA:3,__param
FNDA:3,__awaiter
FNDA:7,adopt
FNDA:7,fulfilled
FNDA:0,rejected
FNDA:9,step
FNDA:3,__generator
FNDA:7,sent
FNDA:0,g.<computed>
FNDA:9,verb
FNDA:10,step
FNDA:2,__importDefault
FNDA:3,SendForgotPasswordEmailService
FNDA:3,SendForgotPasswordEmailService.execute
DA:1,1
DA:2,1
DA:3,1
DA:4,1
DA:5,1
DA:6,1
DA:7,1
DA:8,1
DA:9,1
DA:10,1
DA:11,1
DA:12,1
DA:13,1
DA:14,1
DA:15,1
DA:16,3
DA:17,3
DA:18,3
DA:19,3
DA:20,3
DA:21,3
DA:22,3
DA:23,3
DA:24,3
DA:25,1
DA:26,1
DA:27,3
DA:28,3
DA:29,3
DA:30,1
DA:31,1
DA:32,2
DA:33,2
DA:34,3
DA:35,3
DA:36,3
DA:37,3
DA:38,3
DA:39,3
DA:40,3
DA:41,3
DA:42,3
DA:43,3
DA:44,3
DA:45,3
DA:46,3
DA:47,3
DA:48,3
DA:49,3
DA:50,3
DA:51,3
DA:52,3
DA:53,3
DA:54,3
DA:55,1
DA:56,1
DA:57,1
LF:57
LH:57
BRDA:57,0,0,1
BRDA:57,1,0,1
BRDA:57,2,0,0
BRDA:57,3,0,0
BRDA:57,4,0,0
BRDA:57,5,0,0
BRDA:57,6,0,1
BRDA:57,7,0,3
BRDA:57,8,0,3
BRDA:57,9,0,3
BRDA:57,10,0,7
BRDA:57,11,0,0
BRDA:57,12,0,3
BRDA:57,13,0,7
BRDA:57,14,0,1
BRDA:57,15,0,9
BRDA:57,16,0,2
BRDA:57,17,0,7
BRDA:57,18,0,3
BRDA:57,19,0,7
BRDA:57,20,0,0
BRDA:57,21,0,9
BRDA:57,22,0,10
BRDA:57,23,0,10
BRDA:57,24,0,0
BRDA:57,25,0,20
BRDA:57,26,0,0
BRDA:57,27,0,0
BRDA:57,28,0,0
BRDA:57,29,0,0
BRDA:57,30,0,10
BRDA:57,31,0,10
BRDA:57,32,0,7
BRDA:57,33,0,0
BRDA:57,34,0,0
BRDA:57,35,0,3
BRDA:57,36,0,0
BRDA:57,37,0,2
BRDA:57,38,0,0
BRDA:57,39,0,0
BRDA:57,40,0,0
BRDA:57,41,0,0
BRDA:57,42,0,10
BRDA:57,43,0,1
BRDA:57,44,0,10
BRDA:57,45,0,3
BRDA:57,46,0,1
BRDA:57,47,0,2
BRDA:57,48,0,0
BRDA:57,49,0,2
BRDA:57,50,0,1
BRDA:57,51,0,1
BRDA:14,52,0,1
BRDA:15,53,0,3
BRDA:26,54,0,3
BRDA:57,55,0,3
BRDA:57,56,0,10
BRDA:27,57,0,3
BRDA:57,58,0,3
BRDA:29,59,0,1
BRDA:31,60,0,2
BRDA:57,61,0,2
BRDA:57,62,0,2
BRF:63
BRH:44
end_of_record
TN:
SF:src/modules/users/services/ShowProfileService.ts
FN:34,__decorate
FN:34,__metadata
FN:34,__param
FN:34,__awaiter
FN:34,adopt
FN:34,fulfilled
FN:34,rejected
FN:34,step
FN:34,__generator
FN:34,sent
FN:34,g.<computed>
FN:34,verb
FN:34,step
FN:34,__importDefault
FN:14,ShowProfileService
FN:21,ShowProfileService.execute
FNF:16
FNH:14
FNDA:1,__decorate
FNDA:1,__metadata
FNDA:1,__param
FNDA:2,__awaiter
FNDA:2,adopt
FNDA:2,fulfilled
FNDA:0,rejected
FNDA:3,step
FNDA:2,__generator
FNDA:2,sent
FNDA:0,g.<computed>
FNDA:6,verb
FNDA:4,step
FNDA:1,__importDefault
FNDA:2,ShowProfileService
FNDA:2,ShowProfileService.execute
DA:1,1
DA:2,1
DA:3,1
DA:4,1
DA:5,1
DA:6,1
DA:7,1
DA:8,1
DA:9,1
DA:10,1
DA:11,1
DA:12,1
DA:13,1
DA:14,1
DA:15,2
DA:16,2
DA:17,2
DA:18,2
DA:19,2
DA:20,1
DA:21,1
DA:22,2
DA:23,2
DA:24,2
DA:25,1
DA:26,1
DA:27,1
DA:28,1
DA:29,1
DA:30,1
DA:31,2
DA:32,1
DA:33,1
DA:34,1
LF:34
LH:34
BRDA:34,0,0,1
BRDA:34,1,0,1
BRDA:34,2,0,0
BRDA:34,3,0,0
BRDA:34,4,0,0
BRDA:34,5,0,0
BRDA:34,6,0,1
BRDA:34,7,0,1
BRDA:34,8,0,1
BRDA:34,9,0,2
BRDA:34,10,0,2
BRDA:34,11,0,0
BRDA:34,12,0,2
BRDA:34,13,0,2
BRDA:34,14,0,1
BRDA:34,15,0,3
BRDA:34,16,0,1
BRDA:34,17,0,2
BRDA:34,18,0,2
BRDA:34,19,0,2
BRDA:34,20,0,0
BRDA:34,21,0,6
BRDA:34,22,0,4
BRDA:34,23,0,4
BRDA:34,24,0,0
BRDA:34,25,0,8
BRDA:34,26,0,0
BRDA:34,27,0,0
BRDA:34,28,0,0
BRDA:34,29,0,0
BRDA:34,30,0,4
BRDA:34,31,0,4
BRDA:34,32,0,2
BRDA:34,33,0,0
BRDA:34,34,0,0
BRDA:34,35,0,2
BRDA:34,36,0,0
BRDA:34,37,0,1
BRDA:34,38,0,0
BRDA:34,39,0,0
BRDA:34,40,0,0
BRDA:34,41,0,0
BRDA:34,42,0,4
BRDA:34,43,0,1
BRDA:34,44,0,4
BRDA:34,45,0,2
BRDA:34,46,0,1
BRDA:34,47,0,0
BRDA:34,48,0,1
BRDA:34,49,0,0
BRDA:13,50,0,1
BRDA:14,51,0,2
BRDA:21,52,0,2
BRDA:34,53,0,2
BRDA:34,54,0,4
BRDA:22,55,0,2
BRDA:34,56,0,2
BRDA:24,57,0,1
BRF:58
BRH:38
end_of_record
TN:
SF:src/modules/users/services/UpdateProfileService.ts
FN:73,__decorate
FN:73,__metadata
FN:73,__param
FN:73,__awaiter
FN:73,adopt
FN:73,fulfilled
FN:73,rejected
FN:73,step
FN:73,__generator
FN:73,sent
FN:73,g.<computed>
FN:73,verb
FN:73,step
FN:73,__importDefault
FN:19,UpdateProfileService
FN:28,UpdateProfileService.execute
FNF:16
FNH:14
FNDA:1,__decorate
FNDA:1,__metadata
FNDA:2,__param
FNDA:6,__awaiter
FNDA:14,adopt
FNDA:14,fulfilled
FNDA:0,rejected
FNDA:16,step
FNDA:6,__generator
FNDA:14,sent
FNDA:0,g.<computed>
FNDA:18,verb
FNDA:20,step
FNDA:1,__importDefault
FNDA:6,UpdateProfileService
FNDA:6,UpdateProfileService.execute
DA:1,1
DA:2,1
DA:3,1
DA:4,1
DA:5,1
DA:6,1
DA:7,1
DA:8,1
DA:9,1
DA:10,1
DA:11,1
DA:12,1
DA:13,1
DA:14,1
DA:15,1
DA:16,1
DA:17,1
DA:18,1
DA:19,1
DA:20,6
DA:21,6
DA:22,6
DA:23,6
DA:24,6
DA:25,6
DA:26,6
DA:27,1
DA:28,1
DA:29,6
DA:30,6
DA:31,6
DA:32,6
DA:33,6
DA:34,6
DA:35,6
DA:36,6
DA:37,6
DA:38,1
DA:39,1
DA:40,5
DA:41,5
DA:42,6
DA:43,6
DA:44,1
DA:45,1
DA:46,4
DA:47,4
DA:48,4
DA:49,4
DA:50,6
DA:51,1
DA:52,1
DA:53,1
DA:54,1
DA:55,3
DA:56,6
DA:57,2
DA:58,2
DA:59,2
DA:60,2
DA:61,6
DA:62,6
DA:63,1
DA:64,1
DA:65,1
DA:66,1
DA:67,6
DA:68,6
DA:69,6
DA:70,6
DA:71,1
DA:72,1
DA:73,1
LF:73
LH:73
BRDA:73,0,0,1
BRDA:73,1,0,1
BRDA:73,2,0,0
BRDA:73,3,0,0
BRDA:73,4,0,0
BRDA:73,5,0,0
BRDA:73,6,0,1
BRDA:73,7,0,2
BRDA:73,8,0,2
BRDA:73,9,0,6
BRDA:73,10,0,14
BRDA:73,11,0,0
BRDA:73,12,0,6
BRDA:73,13,0,14
BRDA:73,14,0,4
BRDA:73,15,0,16
BRDA:73,16,0,2
BRDA:73,17,0,14
BRDA:73,18,0,6
BRDA:73,19,0,14
BRDA:73,20,0,0
BRDA:73,21,0,18
BRDA:73,22,0,20
BRDA:73,23,0,20
BRDA:73,24,0,0
BRDA:73,25,0,41
BRDA:73,26,0,0
BRDA:73,27,0,0
BRDA:73,28,0,0
BRDA:73,29,0,0
BRDA:73,30,0,20
BRDA:73,31,0,20
BRDA:73,32,0,14
BRDA:73,33,0,0
BRDA:73,34,0,0
BRDA:73,35,0,7
BRDA:73,36,0,0
BRDA:73,37,0,3
BRDA:73,38,0,6
BRDA:73,39,0,1
BRDA:73,40,0,0
BRDA:73,41,0,1
BRDA:73,42,0,0
BRDA:73,43,0,0
BRDA:73,44,0,0
BRDA:73,45,0,21
BRDA:73,46,0,4
BRDA:73,47,0,21
BRDA:73,48,0,6
BRDA:73,49,0,4
BRDA:73,50,0,2
BRDA:73,51,0,0
BRDA:73,52,0,1
BRDA:73,53,0,0
BRDA:18,54,0,1
BRDA:19,55,0,6
BRDA:28,56,0,6
BRDA:73,57,0,6
BRDA:73,58,0,21
BRDA:35,59,0,6
BRDA:73,60,0,6
BRDA:37,61,0,1
BRDA:39,62,0,5
BRDA:73,63,0,5
BRDA:43,64,0,4
BRDA:43,65,0,1
BRDA:45,66,0,4
BRDA:50,67,0,3
BRDA:50,68,0,1
BRDA:54,69,0,3
BRDA:56,70,0,2
BRDA:56,71,0,1
BRDA:56,72,0,2
BRDA:73,73,0,2
BRDA:62,74,0,1
BRDA:73,75,0,1
BRDA:69,76,0,2
BRF:77
BRH:57
end_of_record
TN:
SF:src/modules/users/services/UpdateUserAvatarService.ts
FN:45,__decorate
FN:45,__metadata
FN:45,__param
FN:45,__awaiter
FN:45,adopt
FN:45,fulfilled
FN:45,rejected
FN:45,step
FN:45,__generator
FN:45,sent
FN:45,g.<computed>
FN:45,verb
FN:45,step
FN:45,__importDefault
FN:15,UpdateUserAvatarService
FN:24,UpdateUserAvatarService.execute
FNF:16
FNH:14
FNDA:1,__decorate
FNDA:1,__metadata
FNDA:2,__param
FNDA:4,__awaiter
FNDA:10,adopt
FNDA:10,fulfilled
FNDA:0,rejected
FNDA:13,step
FNDA:4,__generator
FNDA:10,sent
FNDA:0,g.<computed>
FNDA:12,verb
FNDA:14,step
FNDA:1,__importDefault
FNDA:3,UpdateUserAvatarService
FNDA:4,UpdateUserAvatarService.execute
DA:1,1
DA:2,1
DA:3,1
DA:4,1
DA:5,1
DA:6,1
DA:7,1
DA:8,1
DA:9,1
DA:10,1
DA:11,1
DA:12,1
DA:13,1
DA:14,1
DA:15,1
DA:16,3
DA:17,3
DA:18,3
DA:19,3
DA:20,3
DA:21,3
DA:22,3
DA:23,1
DA:24,1
DA:25,4
DA:26,4
DA:27,4
DA:28,1
DA:29,1
DA:30,3
DA:31,4
DA:32,1
DA:33,1
DA:34,3
DA:35,3
DA:36,4
DA:37,4
DA:38,4
DA:39,4
DA:40,4
DA:41,4
DA:42,4
DA:43,1
DA:44,1
DA:45,1
LF:45
LH:45
BRDA:45,0,0,1
BRDA:45,1,0,1
BRDA:45,2,0,0
BRDA:45,3,0,0
BRDA:45,4,0,0
BRDA:45,5,0,0
BRDA:45,6,0,1
BRDA:45,7,0,2
BRDA:45,8,0,2
BRDA:45,9,0,4
BRDA:45,10,0,10
BRDA:45,11,0,0
BRDA:45,12,0,4
BRDA:45,13,0,10
BRDA:45,14,0,1
BRDA:45,15,0,13
BRDA:45,16,0,3
BRDA:45,17,0,10
BRDA:45,18,0,4
BRDA:45,19,0,10
BRDA:45,20,0,0
BRDA:45,21,0,12
BRDA:45,22,0,14
BRDA:45,23,0,14
BRDA:45,24,0,0
BRDA:45,25,0,28
BRDA:45,26,0,0
BRDA:45,27,0,0
BRDA:45,28,0,0
BRDA:45,29,0,0
BRDA:45,30,0,14
BRDA:45,31,0,14
BRDA:45,32,0,10
BRDA:45,33,0,0
BRDA:45,34,0,0
BRDA:45,35,0,4
BRDA:45,36,0,0
BRDA:45,37,0,3
BRDA:45,38,0,0
BRDA:45,39,0,0
BRDA:45,40,0,0
BRDA:45,41,0,0
BRDA:45,42,0,14
BRDA:45,43,0,1
BRDA:45,44,0,14
BRDA:45,45,0,4
BRDA:45,46,0,1
BRDA:45,47,0,3
BRDA:45,48,0,0
BRDA:45,49,0,1
BRDA:45,50,0,0
BRDA:14,51,0,1
BRDA:15,52,0,3
BRDA:24,53,0,4
BRDA:45,54,0,4
BRDA:45,55,0,14
BRDA:25,56,0,4
BRDA:45,57,0,4
BRDA:27,58,0,1
BRDA:29,59,0,3
BRDA:31,60,0,1
BRDA:33,61,0,3
BRDA:45,62,0,3
BRDA:45,63,0,3
BRF:64
BRH:44
end_of_record
